<?xml version="1.0" encoding="UTF-8"?>
<Site BuildName="(empty)"
	BuildStamp="20240707-0713-Experimental"
	Name="ubuntu-VivoBook-ASUSLaptop-X512DA-A512DA"
	Generator="ctest-3.16.3"
	CompilerName="/usr/bin/c++"
	CompilerVersion="9.4.0"
	OSName="Linux"
	Hostname="ubuntu-VivoBook-ASUSLaptop-X512DA-A512DA"
	OSRelease="5.15.0-94-generic"
	OSVersion="#104~20.04.1-Ubuntu SMP Tue Jan 16 13:34:09 UTC 2024"
	OSPlatform="x86_64"
	Is64Bits="1"
	VendorString="AuthenticAMD"
	VendorID="Advanced Micro Devices"
	FamilyID="23"
	ModelID="24"
	ProcessorCacheSize="512"
	NumberOfLogicalCPU="8"
	NumberOfPhysicalCPU="4"
	TotalVirtualMemory="2047"
	TotalPhysicalMemory="9885"
	LogicalProcessorsPerPhysical="2"
	ProcessorClockFrequency="2731.02"
	>
	<Testing>
		<StartDateTime>Jul 07 16:13 KST</StartDateTime>
		<StartTestTime>1720336425</StartTestTime>
		<TestList/>
		<EndDateTime>Jul 07 16:13 KST</EndDateTime>
		<EndTestTime>1720336425</EndTestTime>
		<ElapsedMinutes>0</ElapsedMinutes>
	</Testing>
</Site>
